Analysis & Synthesis report for i2c_master_byte_ctrl
Sun Apr 28 18:49:01 2024
Quartus Prime Version 20.1.1 Build 720 11/11/2020 SJ Lite Edition


---------------------
; Table of Contents ;
---------------------
  1. Legal Notice
  2. Analysis & Synthesis Summary
  3. Analysis & Synthesis Settings
  4. Parallel Compilation
  5. Analysis & Synthesis Source Files Read
  6. Analysis & Synthesis Resource Usage Summary
  7. Analysis & Synthesis Resource Utilization by Entity
  8. Registers Removed During Synthesis
  9. General Register Statistics
 10. Inverted Register Statistics
 11. Multiplexer Restructuring Statistics (Restructuring Performed)
 12. Parameter Settings for User Entity Instance: Top-level Entity: |i2c_master_byte_ctrl
 13. Parameter Settings for User Entity Instance: i2c_byte_state_timer:state_timer
 14. Post-Synthesis Netlist Statistics for Top Partition
 15. Elapsed Time Per Partition
 16. Analysis & Synthesis Messages
 17. Analysis & Synthesis Suppressed Messages



----------------
; Legal Notice ;
----------------
Copyright (C) 2020  Intel Corporation. All rights reserved.
Your use of Intel Corporation's design tools, logic functions 
and other software and tools, and any partner logic 
functions, and any output files from any of the foregoing 
(including device programming or simulation files), and any 
associated documentation or information are expressly subject 
to the terms and conditions of the Intel Program License 
Subscription Agreement, the Intel Quartus Prime License Agreement,
the Intel FPGA IP License Agreement, or other applicable license
agreement, including, without limitation, that your use is for
the sole purpose of programming logic devices manufactured by
Intel and sold by Intel or its authorized distributors.  Please
refer to the applicable agreement for further details, at
https://fpgasoftware.intel.com/eula.



+----------------------------------------------------------------------------------+
; Analysis & Synthesis Summary                                                     ;
+------------------------------------+---------------------------------------------+
; Analysis & Synthesis Status        ; Successful - Sun Apr 28 18:49:01 2024       ;
; Quartus Prime Version              ; 20.1.1 Build 720 11/11/2020 SJ Lite Edition ;
; Revision Name                      ; i2c_master_byte_ctrl                        ;
; Top-level Entity Name              ; i2c_master_byte_ctrl                        ;
; Family                             ; Cyclone IV E                                ;
; Total logic elements               ; 54                                          ;
;     Total combinational functions  ; 54                                          ;
;     Dedicated logic registers      ; 17                                          ;
; Total registers                    ; 17                                          ;
; Total pins                         ; 20                                          ;
; Total virtual pins                 ; 0                                           ;
; Total memory bits                  ; 0                                           ;
; Embedded Multiplier 9-bit elements ; 0                                           ;
; Total PLLs                         ; 0                                           ;
+------------------------------------+---------------------------------------------+


+----------------------------------------------------------------------------------------------------------------+
; Analysis & Synthesis Settings                                                                                  ;
+------------------------------------------------------------------+----------------------+----------------------+
; Option                                                           ; Setting              ; Default Value        ;
+------------------------------------------------------------------+----------------------+----------------------+
; Device                                                           ; EP4CE22F17C6         ;                      ;
; Top-level entity name                                            ; i2c_master_byte_ctrl ; i2c_master_byte_ctrl ;
; Family name                                                      ; Cyclone IV E         ; Cyclone V            ;
; Use smart compilation                                            ; Off                  ; Off                  ;
; Enable parallel Assembler and Timing Analyzer during compilation ; On                   ; On                   ;
; Enable compact report table                                      ; Off                  ; Off                  ;
; Restructure Multiplexers                                         ; Auto                 ; Auto                 ;
; Create Debugging Nodes for IP Cores                              ; Off                  ; Off                  ;
; Preserve fewer node names                                        ; On                   ; On                   ;
; Intel FPGA IP Evaluation Mode                                    ; Enable               ; Enable               ;
; Verilog Version                                                  ; Verilog_2001         ; Verilog_2001         ;
; VHDL Version                                                     ; VHDL_1993            ; VHDL_1993            ;
; State Machine Processing                                         ; Auto                 ; Auto                 ;
; Safe State Machine                                               ; Off                  ; Off                  ;
; Extract Verilog State Machines                                   ; On                   ; On                   ;
; Extract VHDL State Machines                                      ; On                   ; On                   ;
; Ignore Verilog initial constructs                                ; Off                  ; Off                  ;
; Iteration limit for constant Verilog loops                       ; 5000                 ; 5000                 ;
; Iteration limit for non-constant Verilog loops                   ; 250                  ; 250                  ;
; Add Pass-Through Logic to Inferred RAMs                          ; On                   ; On                   ;
; Infer RAMs from Raw Logic                                        ; On                   ; On                   ;
; Parallel Synthesis                                               ; On                   ; On                   ;
; DSP Block Balancing                                              ; Auto                 ; Auto                 ;
; NOT Gate Push-Back                                               ; On                   ; On                   ;
; Power-Up Don't Care                                              ; On                   ; On                   ;
; Remove Redundant Logic Cells                                     ; Off                  ; Off                  ;
; Remove Duplicate Registers                                       ; On                   ; On                   ;
; Ignore CARRY Buffers                                             ; Off                  ; Off                  ;
; Ignore CASCADE Buffers                                           ; Off                  ; Off                  ;
; Ignore GLOBAL Buffers                                            ; Off                  ; Off                  ;
; Ignore ROW GLOBAL Buffers                                        ; Off                  ; Off                  ;
; Ignore LCELL Buffers                                             ; Off                  ; Off                  ;
; Ignore SOFT Buffers                                              ; On                   ; On                   ;
; Limit AHDL Integers to 32 Bits                                   ; Off                  ; Off                  ;
; Optimization Technique                                           ; Balanced             ; Balanced             ;
; Carry Chain Length                                               ; 70                   ; 70                   ;
; Auto Carry Chains                                                ; On                   ; On                   ;
; Auto Open-Drain Pins                                             ; On                   ; On                   ;
; Perform WYSIWYG Primitive Resynthesis                            ; Off                  ; Off                  ;
; Auto ROM Replacement                                             ; On                   ; On                   ;
; Auto RAM Replacement                                             ; On                   ; On                   ;
; Auto DSP Block Replacement                                       ; On                   ; On                   ;
; Auto Shift Register Replacement                                  ; Auto                 ; Auto                 ;
; Allow Shift Register Merging across Hierarchies                  ; Auto                 ; Auto                 ;
; Auto Clock Enable Replacement                                    ; On                   ; On                   ;
; Strict RAM Replacement                                           ; Off                  ; Off                  ;
; Allow Synchronous Control Signals                                ; On                   ; On                   ;
; Force Use of Synchronous Clear Signals                           ; Off                  ; Off                  ;
; Auto RAM Block Balancing                                         ; On                   ; On                   ;
; Auto RAM to Logic Cell Conversion                                ; Off                  ; Off                  ;
; Auto Resource Sharing                                            ; Off                  ; Off                  ;
; Allow Any RAM Size For Recognition                               ; Off                  ; Off                  ;
; Allow Any ROM Size For Recognition                               ; Off                  ; Off                  ;
; Allow Any Shift Register Size For Recognition                    ; Off                  ; Off                  ;
; Use LogicLock Constraints during Resource Balancing              ; On                   ; On                   ;
; Ignore translate_off and synthesis_off directives                ; Off                  ; Off                  ;
; Timing-Driven Synthesis                                          ; On                   ; On                   ;
; Report Parameter Settings                                        ; On                   ; On                   ;
; Report Source Assignments                                        ; On                   ; On                   ;
; Report Connectivity Checks                                       ; On                   ; On                   ;
; Ignore Maximum Fan-Out Assignments                               ; Off                  ; Off                  ;
; Synchronization Register Chain Length                            ; 2                    ; 2                    ;
; Power Optimization During Synthesis                              ; Normal compilation   ; Normal compilation   ;
; HDL message level                                                ; Level2               ; Level2               ;
; Suppress Register Optimization Related Messages                  ; Off                  ; Off                  ;
; Number of Removed Registers Reported in Synthesis Report         ; 5000                 ; 5000                 ;
; Number of Swept Nodes Reported in Synthesis Report               ; 5000                 ; 5000                 ;
; Number of Inverted Registers Reported in Synthesis Report        ; 100                  ; 100                  ;
; Clock MUX Protection                                             ; On                   ; On                   ;
; Auto Gated Clock Conversion                                      ; Off                  ; Off                  ;
; Block Design Naming                                              ; Auto                 ; Auto                 ;
; SDC constraint protection                                        ; Off                  ; Off                  ;
; Synthesis Effort                                                 ; Auto                 ; Auto                 ;
; Shift Register Replacement - Allow Asynchronous Clear Signal     ; On                   ; On                   ;
; Pre-Mapping Resynthesis Optimization                             ; Off                  ; Off                  ;
; Analysis & Synthesis Message Level                               ; Medium               ; Medium               ;
; Disable Register Merging Across Hierarchies                      ; Auto                 ; Auto                 ;
; Resource Aware Inference For Block RAM                           ; On                   ; On                   ;
+------------------------------------------------------------------+----------------------+----------------------+


+------------------------------------------+
; Parallel Compilation                     ;
+----------------------------+-------------+
; Processors                 ; Number      ;
+----------------------------+-------------+
; Number detected on machine ; 16          ;
; Maximum allowed            ; 8           ;
;                            ;             ;
; Average used               ; 1.00        ;
; Maximum used               ; 8           ;
;                            ;             ;
; Usage by Processor         ; % Time Used ;
;     Processor 1            ; 100.0%      ;
;     Processors 2-8         ;   0.0%      ;
+----------------------------+-------------+


+--------------------------------------------------------------------------------------------------------------------------------------------------------------------------------+
; Analysis & Synthesis Source Files Read                                                                                                                                         ;
+----------------------------------+-----------------+------------------------+----------------------------------------------------------------------------------------+---------+
; File Name with User-Entered Path ; Used in Netlist ; File Type              ; File Name with Absolute Path                                                           ; Library ;
+----------------------------------+-----------------+------------------------+----------------------------------------------------------------------------------------+---------+
; ../misc/timescale.v              ; yes             ; User Verilog HDL File  ; C:/Users/adria/Documents/Universitat/8e/DSSD/labs-dssd/p3_4/misc/timescale.v           ;         ;
; ../rtl/i2c_master_defines.v      ; yes             ; User Verilog HDL File  ; C:/Users/adria/Documents/Universitat/8e/DSSD/labs-dssd/p3_4/rtl/i2c_master_defines.v   ;         ;
; ../rtl/i2c_master_byte_ctrl.v    ; yes             ; User Verilog HDL File  ; C:/Users/adria/Documents/Universitat/8e/DSSD/labs-dssd/p3_4/rtl/i2c_master_byte_ctrl.v ;         ;
; ../rtl/i2c_byte_state_timer.v    ; yes             ; User Verilog HDL File  ; C:/Users/adria/Documents/Universitat/8e/DSSD/labs-dssd/p3_4/rtl/i2c_byte_state_timer.v ;         ;
+----------------------------------+-----------------+------------------------+----------------------------------------------------------------------------------------+---------+


+--------------------------------------------------------+
; Analysis & Synthesis Resource Usage Summary            ;
+---------------------------------------------+----------+
; Resource                                    ; Usage    ;
+---------------------------------------------+----------+
; Estimated Total logic elements              ; 54       ;
;                                             ;          ;
; Total combinational functions               ; 54       ;
; Logic element usage by number of LUT inputs ;          ;
;     -- 4 input functions                    ; 35       ;
;     -- 3 input functions                    ; 11       ;
;     -- <=2 input functions                  ; 8        ;
;                                             ;          ;
; Logic elements by mode                      ;          ;
;     -- normal mode                          ; 54       ;
;     -- arithmetic mode                      ; 0        ;
;                                             ;          ;
; Total registers                             ; 17       ;
;     -- Dedicated logic registers            ; 17       ;
;     -- I/O registers                        ; 0        ;
;                                             ;          ;
; I/O pins                                    ; 20       ;
;                                             ;          ;
; Embedded Multiplier 9-bit elements          ; 0        ;
;                                             ;          ;
; Maximum fan-out node                        ; state[2] ;
; Maximum fan-out                             ; 24       ;
; Total fan-out                               ; 283      ;
; Average fan-out                             ; 2.55     ;
+---------------------------------------------+----------+


+-----------------------------------------------------------------------------------------------------------------------------------------------------------------------------------------------------------------------------------------------------------------+
; Analysis & Synthesis Resource Utilization by Entity                                                                                                                                                                                                             ;
+---------------------------------------+---------------------+---------------------------+-------------+--------------+---------+-----------+------+--------------+--------------------------------------------------------+----------------------+--------------+
; Compilation Hierarchy Node            ; Combinational ALUTs ; Dedicated Logic Registers ; Memory Bits ; DSP Elements ; DSP 9x9 ; DSP 18x18 ; Pins ; Virtual Pins ; Full Hierarchy Name                                    ; Entity Name          ; Library Name ;
+---------------------------------------+---------------------+---------------------------+-------------+--------------+---------+-----------+------+--------------+--------------------------------------------------------+----------------------+--------------+
; |i2c_master_byte_ctrl                 ; 54 (50)             ; 17 (14)                   ; 0           ; 0            ; 0       ; 0         ; 20   ; 0            ; |i2c_master_byte_ctrl                                  ; i2c_master_byte_ctrl ; work         ;
;    |i2c_byte_state_timer:state_timer| ; 4 (4)               ; 3 (3)                     ; 0           ; 0            ; 0       ; 0         ; 0    ; 0            ; |i2c_master_byte_ctrl|i2c_byte_state_timer:state_timer ; i2c_byte_state_timer ; work         ;
+---------------------------------------+---------------------+---------------------------+-------------+--------------+---------+-----------+------+--------------+--------------------------------------------------------+----------------------+--------------+
Note: For table entries with two numbers listed, the numbers in parentheses indicate the number of resources of the given type used by the specific entity alone. The numbers listed outside of parentheses indicate the total resources of the given type used by the specific entity and all of its sub-entities in the hierarchy.


+--------------------------------------------------------------------------------+
; Registers Removed During Synthesis                                             ;
+---------------------------------------+----------------------------------------+
; Register name                         ; Reason for Removal                     ;
+---------------------------------------+----------------------------------------+
; state[3]                              ; Stuck at GND due to stuck port data_in ;
; Total Number of Removed Registers = 1 ;                                        ;
+---------------------------------------+----------------------------------------+


+------------------------------------------------------+
; General Register Statistics                          ;
+----------------------------------------------+-------+
; Statistic                                    ; Value ;
+----------------------------------------------+-------+
; Total registers                              ; 17    ;
; Number of registers using Synchronous Clear  ; 8     ;
; Number of registers using Synchronous Load   ; 0     ;
; Number of registers using Asynchronous Clear ; 17    ;
; Number of registers using Asynchronous Load  ; 0     ;
; Number of registers using Clock Enable       ; 6     ;
; Number of registers using Preset             ; 0     ;
+----------------------------------------------+-------+


+--------------------------------------------------+
; Inverted Register Statistics                     ;
+----------------------------------------+---------+
; Inverted Register                      ; Fan out ;
+----------------------------------------+---------+
; I2C_done~reg0                          ; 2       ;
; Total number of inverted registers = 1 ;         ;
+----------------------------------------+---------+


+-----------------------------------------------------------------------------------------------------------------------------------------------------------------------------+
; Multiplexer Restructuring Statistics (Restructuring Performed)                                                                                                              ;
+--------------------+-----------+---------------+----------------------+------------------------+------------+---------------------------------------------------------------+
; Multiplexer Inputs ; Bus Width ; Baseline Area ; Area if Restructured ; Saving if Restructured ; Registered ; Example Multiplexer Output                                    ;
+--------------------+-----------+---------------+----------------------+------------------------+------------+---------------------------------------------------------------+
; 3:1                ; 3 bits    ; 6 LEs         ; 3 LEs                ; 3 LEs                  ; Yes        ; |i2c_master_byte_ctrl|i2c_byte_state_timer:state_timer|Cnt[0] ;
+--------------------+-----------+---------------+----------------------+------------------------+------------+---------------------------------------------------------------+


+--------------------------------------------------------------------------------------+
; Parameter Settings for User Entity Instance: Top-level Entity: |i2c_master_byte_ctrl ;
+----------------+-------+-------------------------------------------------------------+
; Parameter Name ; Value ; Type                                                        ;
+----------------+-------+-------------------------------------------------------------+
; SIZE           ; 3     ; Signed Integer                                              ;
; NBITS          ; 4     ; Signed Integer                                              ;
+----------------+-------+-------------------------------------------------------------+
Note: In order to hide this table in the UI and the text report file, please set the "Show Parameter Settings in Synthesis Report" option in "Analysis and Synthesis Settings -> More Settings" to "Off".


+-------------------------------------------------------------------------------+
; Parameter Settings for User Entity Instance: i2c_byte_state_timer:state_timer ;
+----------------+-------+------------------------------------------------------+
; Parameter Name ; Value ; Type                                                 ;
+----------------+-------+------------------------------------------------------+
; SIZE           ; 3     ; Signed Integer                                       ;
+----------------+-------+------------------------------------------------------+
Note: In order to hide this table in the UI and the text report file, please set the "Show Parameter Settings in Synthesis Report" option in "Analysis and Synthesis Settings -> More Settings" to "Off".


+-----------------------------------------------------+
; Post-Synthesis Netlist Statistics for Top Partition ;
+-----------------------+-----------------------------+
; Type                  ; Count                       ;
+-----------------------+-----------------------------+
; boundary_port         ; 20                          ;
; cycloneiii_ff         ; 17                          ;
;     CLR               ; 4                           ;
;     CLR SCLR          ; 7                           ;
;     ENA CLR           ; 5                           ;
;     ENA CLR SCLR      ; 1                           ;
; cycloneiii_lcell_comb ; 55                          ;
;     normal            ; 55                          ;
;         1 data inputs ; 1                           ;
;         2 data inputs ; 8                           ;
;         3 data inputs ; 11                          ;
;         4 data inputs ; 35                          ;
;                       ;                             ;
; Max LUT depth         ; 5.00                        ;
; Average LUT depth     ; 2.78                        ;
+-----------------------+-----------------------------+


+-------------------------------+
; Elapsed Time Per Partition    ;
+----------------+--------------+
; Partition Name ; Elapsed Time ;
+----------------+--------------+
; Top            ; 00:00:00     ;
+----------------+--------------+


+-------------------------------+
; Analysis & Synthesis Messages ;
+-------------------------------+
Info: *******************************************************************
Info: Running Quartus Prime Analysis & Synthesis
    Info: Version 20.1.1 Build 720 11/11/2020 SJ Lite Edition
    Info: Processing started: Sun Apr 28 18:48:53 2024
Info: Command: quartus_map --read_settings_files=on --write_settings_files=off i2c_master_byte_ctrl -c i2c_master_byte_ctrl
Warning (18236): Number of processors has not been specified which may cause overloading on shared machines.  Set the global assignment NUM_PARALLEL_PROCESSORS in your QSF to an appropriate value for best performance.
Info (20030): Parallel compilation is enabled and will use 8 of the 8 processors detected
Info (12021): Found 0 design units, including 0 entities, in source file /users/adria/documents/universitat/8e/dssd/labs-dssd/p3_4/misc/timescale.v
Info (12021): Found 1 design units, including 1 entities, in source file /users/adria/documents/universitat/8e/dssd/labs-dssd/p3_4/misc/sys_model.v
    Info (12023): Found entity 1: sys_model File: C:/Users/adria/Documents/Universitat/8e/DSSD/labs-dssd/p3_4/misc/sys_model.v Line: 23
Warning (10335): Unrecognized synthesis attribute "enum_state" at ../misc/i2c_slave_model.v(39) File: C:/Users/adria/Documents/Universitat/8e/DSSD/labs-dssd/p3_4/misc/i2c_slave_model.v Line: 39
Info (12021): Found 1 design units, including 1 entities, in source file /users/adria/documents/universitat/8e/dssd/labs-dssd/p3_4/misc/i2c_slave_model.v
    Info (12023): Found entity 1: i2c_slave_model File: C:/Users/adria/Documents/Universitat/8e/DSSD/labs-dssd/p3_4/misc/i2c_slave_model.v Line: 4
Info (12021): Found 1 design units, including 1 entities, in source file /users/adria/documents/universitat/8e/dssd/labs-dssd/p3_4/misc/dbus_master_model.v
    Info (12023): Found entity 1: dbus_master_model File: C:/Users/adria/Documents/Universitat/8e/DSSD/labs-dssd/p3_4/misc/dbus_master_model.v Line: 24
Info (12021): Found 1 design units, including 1 entities, in source file /users/adria/documents/universitat/8e/dssd/labs-dssd/p3_4/rtl/shiftreg.v
    Info (12023): Found entity 1: shiftreg File: C:/Users/adria/Documents/Universitat/8e/DSSD/labs-dssd/p3_4/rtl/shiftreg.v Line: 22
Info (12021): Found 1 design units, including 1 entities, in source file /users/adria/documents/universitat/8e/dssd/labs-dssd/p3_4/rtl/i2c_master_top.v
    Info (12023): Found entity 1: i2c_master_top File: C:/Users/adria/Documents/Universitat/8e/DSSD/labs-dssd/p3_4/rtl/i2c_master_top.v Line: 23
Info (12021): Found 1 design units, including 1 entities, in source file /users/adria/documents/universitat/8e/dssd/labs-dssd/p3_4/rtl/i2c_master_regs.v
    Info (12023): Found entity 1: i2c_master_regs File: C:/Users/adria/Documents/Universitat/8e/DSSD/labs-dssd/p3_4/rtl/i2c_master_regs.v Line: 106
Info (12021): Found 0 design units, including 0 entities, in source file /users/adria/documents/universitat/8e/dssd/labs-dssd/p3_4/rtl/i2c_master_defines.v
Info (12021): Found 1 design units, including 1 entities, in source file /users/adria/documents/universitat/8e/dssd/labs-dssd/p3_4/rtl/i2c_master_byte_ctrl.v
    Info (12023): Found entity 1: i2c_master_byte_ctrl File: C:/Users/adria/Documents/Universitat/8e/DSSD/labs-dssd/p3_4/rtl/i2c_master_byte_ctrl.v Line: 10
Info (12021): Found 1 design units, including 1 entities, in source file /users/adria/documents/universitat/8e/dssd/labs-dssd/p3_4/rtl/i2c_master_bit_ctrl.v
    Info (12023): Found entity 1: i2c_master_bit_ctrl File: C:/Users/adria/Documents/Universitat/8e/DSSD/labs-dssd/p3_4/rtl/i2c_master_bit_ctrl.v Line: 41
Info (12021): Found 1 design units, including 1 entities, in source file /users/adria/documents/universitat/8e/dssd/labs-dssd/p3_4/rtl/i2c_byte_state_timer.v
    Info (12023): Found entity 1: i2c_byte_state_timer File: C:/Users/adria/Documents/Universitat/8e/DSSD/labs-dssd/p3_4/rtl/i2c_byte_state_timer.v Line: 9
Info (12021): Found 1 design units, including 1 entities, in source file /users/adria/documents/universitat/8e/dssd/labs-dssd/p3_4/rtl/i2c_bit_timer.v
    Info (12023): Found entity 1: i2c_bit_timer File: C:/Users/adria/Documents/Universitat/8e/DSSD/labs-dssd/p3_4/rtl/i2c_bit_timer.v Line: 1
Warning (10236): Verilog HDL Implicit Net warning at i2c_master_byte_ctrl.v(49): created implicit net for "ck_ack" File: C:/Users/adria/Documents/Universitat/8e/DSSD/labs-dssd/p3_4/rtl/i2c_master_byte_ctrl.v Line: 49
Info (12127): Elaborating entity "i2c_master_byte_ctrl" for the top level hierarchy
Info (12128): Elaborating entity "i2c_byte_state_timer" for hierarchy "i2c_byte_state_timer:state_timer" File: C:/Users/adria/Documents/Universitat/8e/DSSD/labs-dssd/p3_4/rtl/i2c_master_byte_ctrl.v Line: 52
Info (13000): Registers with preset signals will power-up high File: C:/Users/adria/Documents/Universitat/8e/DSSD/labs-dssd/p3_4/rtl/i2c_master_byte_ctrl.v Line: 24
Info (13003): DEV_CLRn pin will set, and not reset, register with preset signal due to NOT Gate Push-Back
Info (286030): Timing-Driven Synthesis is running
Info (144001): Generated suppressed messages file C:/Users/adria/Documents/Universitat/8e/DSSD/labs-dssd/p3_4/syn/output_files/i2c_master_byte_ctrl.map.smsg
Info (16010): Generating hard_block partition "hard_block:auto_generated_inst"
    Info (16011): Adding 0 node(s), including 0 DDIO, 0 PLL, 0 transceiver and 0 LCELL
Warning (21074): Design contains 1 input pin(s) that do not drive logic
    Warning (15610): No output dependent on input pin "Bit_rxd" File: C:/Users/adria/Documents/Universitat/8e/DSSD/labs-dssd/p3_4/rtl/i2c_master_byte_ctrl.v Line: 22
Info (21057): Implemented 74 device resources after synthesis - the final resource count might be different
    Info (21058): Implemented 11 input pins
    Info (21059): Implemented 9 output pins
    Info (21061): Implemented 54 logic cells
Info: Quartus Prime Analysis & Synthesis was successful. 0 errors, 5 warnings
    Info: Peak virtual memory: 4805 megabytes
    Info: Processing ended: Sun Apr 28 18:49:01 2024
    Info: Elapsed time: 00:00:08
    Info: Total CPU time (on all processors): 00:00:08


+------------------------------------------+
; Analysis & Synthesis Suppressed Messages ;
+------------------------------------------+
The suppressed messages can be found in C:/Users/adria/Documents/Universitat/8e/DSSD/labs-dssd/p3_4/syn/output_files/i2c_master_byte_ctrl.map.smsg.


