Analysis & Synthesis report for i2c_master_top
Mon Apr 29 09:48:29 2024
Quartus Prime Version 20.1.1 Build 720 11/11/2020 SJ Lite Edition


---------------------
; Table of Contents ;
---------------------
  1. Legal Notice
  2. Analysis & Synthesis Summary
  3. Analysis & Synthesis Settings
  4. Parallel Compilation
  5. Analysis & Synthesis Source Files Read
  6. Analysis & Synthesis Resource Usage Summary
  7. Analysis & Synthesis Resource Utilization by Entity
  8. State Machine - |i2c_master_top|i2c_master_bit_ctrl:i_bit|state
  9. Registers Removed During Synthesis
 10. General Register Statistics
 11. Inverted Register Statistics
 12. Multiplexer Restructuring Statistics (Restructuring Performed)
 13. Parameter Settings for User Entity Instance: Top-level Entity: |i2c_master_top
 14. Parameter Settings for User Entity Instance: i2c_master_regs:i_regs
 15. Parameter Settings for User Entity Instance: i2c_master_byte_ctrl:i_byte
 16. Parameter Settings for User Entity Instance: i2c_master_byte_ctrl:i_byte|i2c_byte_state_timer:state_timer
 17. Parameter Settings for User Entity Instance: shiftreg:i_sr
 18. Parameter Settings for User Entity Instance: i2c_bit_timer:i_timer
 19. Post-Synthesis Netlist Statistics for Top Partition
 20. Elapsed Time Per Partition
 21. Analysis & Synthesis Messages
 22. Analysis & Synthesis Suppressed Messages



----------------
; Legal Notice ;
----------------
Copyright (C) 2020  Intel Corporation. All rights reserved.
Your use of Intel Corporation's design tools, logic functions 
and other software and tools, and any partner logic 
functions, and any output files from any of the foregoing 
(including device programming or simulation files), and any 
associated documentation or information are expressly subject 
to the terms and conditions of the Intel Program License 
Subscription Agreement, the Intel Quartus Prime License Agreement,
the Intel FPGA IP License Agreement, or other applicable license
agreement, including, without limitation, that your use is for
the sole purpose of programming logic devices manufactured by
Intel and sold by Intel or its authorized distributors.  Please
refer to the applicable agreement for further details, at
https://fpgasoftware.intel.com/eula.



+----------------------------------------------------------------------------------+
; Analysis & Synthesis Summary                                                     ;
+------------------------------------+---------------------------------------------+
; Analysis & Synthesis Status        ; Successful - Mon Apr 29 09:48:29 2024       ;
; Quartus Prime Version              ; 20.1.1 Build 720 11/11/2020 SJ Lite Edition ;
; Revision Name                      ; i2c_master_top                              ;
; Top-level Entity Name              ; i2c_master_top                              ;
; Family                             ; Cyclone IV E                                ;
; Total logic elements               ; 191                                         ;
;     Total combinational functions  ; 153                                         ;
;     Dedicated logic registers      ; 102                                         ;
; Total registers                    ; 102                                         ;
; Total pins                         ; 29                                          ;
; Total virtual pins                 ; 0                                           ;
; Total memory bits                  ; 0                                           ;
; Embedded Multiplier 9-bit elements ; 0                                           ;
; Total PLLs                         ; 0                                           ;
+------------------------------------+---------------------------------------------+


+------------------------------------------------------------------------------------------------------------+
; Analysis & Synthesis Settings                                                                              ;
+------------------------------------------------------------------+--------------------+--------------------+
; Option                                                           ; Setting            ; Default Value      ;
+------------------------------------------------------------------+--------------------+--------------------+
; Device                                                           ; EP4CE22F17C6       ;                    ;
; Top-level entity name                                            ; i2c_master_top     ; i2c_master_top     ;
; Family name                                                      ; Cyclone IV E       ; Cyclone V          ;
; Use smart compilation                                            ; Off                ; Off                ;
; Enable parallel Assembler and Timing Analyzer during compilation ; On                 ; On                 ;
; Enable compact report table                                      ; Off                ; Off                ;
; Restructure Multiplexers                                         ; Auto               ; Auto               ;
; Create Debugging Nodes for IP Cores                              ; Off                ; Off                ;
; Preserve fewer node names                                        ; On                 ; On                 ;
; Intel FPGA IP Evaluation Mode                                    ; Enable             ; Enable             ;
; Verilog Version                                                  ; Verilog_2001       ; Verilog_2001       ;
; VHDL Version                                                     ; VHDL_1993          ; VHDL_1993          ;
; State Machine Processing                                         ; Auto               ; Auto               ;
; Safe State Machine                                               ; Off                ; Off                ;
; Extract Verilog State Machines                                   ; On                 ; On                 ;
; Extract VHDL State Machines                                      ; On                 ; On                 ;
; Ignore Verilog initial constructs                                ; Off                ; Off                ;
; Iteration limit for constant Verilog loops                       ; 5000               ; 5000               ;
; Iteration limit for non-constant Verilog loops                   ; 250                ; 250                ;
; Add Pass-Through Logic to Inferred RAMs                          ; On                 ; On                 ;
; Infer RAMs from Raw Logic                                        ; On                 ; On                 ;
; Parallel Synthesis                                               ; On                 ; On                 ;
; DSP Block Balancing                                              ; Auto               ; Auto               ;
; NOT Gate Push-Back                                               ; On                 ; On                 ;
; Power-Up Don't Care                                              ; On                 ; On                 ;
; Remove Redundant Logic Cells                                     ; Off                ; Off                ;
; Remove Duplicate Registers                                       ; On                 ; On                 ;
; Ignore CARRY Buffers                                             ; Off                ; Off                ;
; Ignore CASCADE Buffers                                           ; Off                ; Off                ;
; Ignore GLOBAL Buffers                                            ; Off                ; Off                ;
; Ignore ROW GLOBAL Buffers                                        ; Off                ; Off                ;
; Ignore LCELL Buffers                                             ; Off                ; Off                ;
; Ignore SOFT Buffers                                              ; On                 ; On                 ;
; Limit AHDL Integers to 32 Bits                                   ; Off                ; Off                ;
; Optimization Technique                                           ; Balanced           ; Balanced           ;
; Carry Chain Length                                               ; 70                 ; 70                 ;
; Auto Carry Chains                                                ; On                 ; On                 ;
; Auto Open-Drain Pins                                             ; On                 ; On                 ;
; Perform WYSIWYG Primitive Resynthesis                            ; Off                ; Off                ;
; Auto ROM Replacement                                             ; On                 ; On                 ;
; Auto RAM Replacement                                             ; On                 ; On                 ;
; Auto DSP Block Replacement                                       ; On                 ; On                 ;
; Auto Shift Register Replacement                                  ; Auto               ; Auto               ;
; Allow Shift Register Merging across Hierarchies                  ; Auto               ; Auto               ;
; Auto Clock Enable Replacement                                    ; On                 ; On                 ;
; Strict RAM Replacement                                           ; Off                ; Off                ;
; Allow Synchronous Control Signals                                ; On                 ; On                 ;
; Force Use of Synchronous Clear Signals                           ; Off                ; Off                ;
; Auto RAM Block Balancing                                         ; On                 ; On                 ;
; Auto RAM to Logic Cell Conversion                                ; Off                ; Off                ;
; Auto Resource Sharing                                            ; Off                ; Off                ;
; Allow Any RAM Size For Recognition                               ; Off                ; Off                ;
; Allow Any ROM Size For Recognition                               ; Off                ; Off                ;
; Allow Any Shift Register Size For Recognition                    ; Off                ; Off                ;
; Use LogicLock Constraints during Resource Balancing              ; On                 ; On                 ;
; Ignore translate_off and synthesis_off directives                ; Off                ; Off                ;
; Timing-Driven Synthesis                                          ; On                 ; On                 ;
; Report Parameter Settings                                        ; On                 ; On                 ;
; Report Source Assignments                                        ; On                 ; On                 ;
; Report Connectivity Checks                                       ; On                 ; On                 ;
; Ignore Maximum Fan-Out Assignments                               ; Off                ; Off                ;
; Synchronization Register Chain Length                            ; 2                  ; 2                  ;
; Power Optimization During Synthesis                              ; Normal compilation ; Normal compilation ;
; HDL message level                                                ; Level2             ; Level2             ;
; Suppress Register Optimization Related Messages                  ; Off                ; Off                ;
; Number of Removed Registers Reported in Synthesis Report         ; 5000               ; 5000               ;
; Number of Swept Nodes Reported in Synthesis Report               ; 5000               ; 5000               ;
; Number of Inverted Registers Reported in Synthesis Report        ; 100                ; 100                ;
; Clock MUX Protection                                             ; On                 ; On                 ;
; Auto Gated Clock Conversion                                      ; Off                ; Off                ;
; Block Design Naming                                              ; Auto               ; Auto               ;
; SDC constraint protection                                        ; Off                ; Off                ;
; Synthesis Effort                                                 ; Auto               ; Auto               ;
; Shift Register Replacement - Allow Asynchronous Clear Signal     ; On                 ; On                 ;
; Pre-Mapping Resynthesis Optimization                             ; Off                ; Off                ;
; Analysis & Synthesis Message Level                               ; Medium             ; Medium             ;
; Disable Register Merging Across Hierarchies                      ; Auto               ; Auto               ;
; Resource Aware Inference For Block RAM                           ; On                 ; On                 ;
+------------------------------------------------------------------+--------------------+--------------------+


+------------------------------------------+
; Parallel Compilation                     ;
+----------------------------+-------------+
; Processors                 ; Number      ;
+----------------------------+-------------+
; Number detected on machine ; 12          ;
; Maximum allowed            ; 10          ;
;                            ;             ;
; Average used               ; 1.00        ;
; Maximum used               ; 10          ;
;                            ;             ;
; Usage by Processor         ; % Time Used ;
;     Processor 1            ; 100.0%      ;
;     Processor 2            ;   0.0%      ;
;     Processors 3-10        ;   0.0%      ;
+----------------------------+-------------+


+-------------------------------------------------------------------------------------------------------------------------------------------------------------------------+
; Analysis & Synthesis Source Files Read                                                                                                                                  ;
+----------------------------------+-----------------+------------------------+---------------------------------------------------------------------------------+---------+
; File Name with User-Entered Path ; Used in Netlist ; File Type              ; File Name with Absolute Path                                                    ; Library ;
+----------------------------------+-----------------+------------------------+---------------------------------------------------------------------------------+---------+
; ../misc/timescale.v              ; yes             ; User Verilog HDL File  ; C:/Users/HP/Documents/Universitat/8e/DSSD/pracs/p3_4/misc/timescale.v           ;         ;
; ../rtl/shiftreg.v                ; yes             ; User Verilog HDL File  ; C:/Users/HP/Documents/Universitat/8e/DSSD/pracs/p3_4/rtl/shiftreg.v             ;         ;
; ../rtl/i2c_master_top.v          ; yes             ; User Verilog HDL File  ; C:/Users/HP/Documents/Universitat/8e/DSSD/pracs/p3_4/rtl/i2c_master_top.v       ;         ;
; ../rtl/i2c_master_regs.v         ; yes             ; User Verilog HDL File  ; C:/Users/HP/Documents/Universitat/8e/DSSD/pracs/p3_4/rtl/i2c_master_regs.v      ;         ;
; ../rtl/i2c_master_defines.v      ; yes             ; User Verilog HDL File  ; C:/Users/HP/Documents/Universitat/8e/DSSD/pracs/p3_4/rtl/i2c_master_defines.v   ;         ;
; ../rtl/i2c_master_byte_ctrl.v    ; yes             ; User Verilog HDL File  ; C:/Users/HP/Documents/Universitat/8e/DSSD/pracs/p3_4/rtl/i2c_master_byte_ctrl.v ;         ;
; ../rtl/i2c_master_bit_ctrl.v     ; yes             ; User Verilog HDL File  ; C:/Users/HP/Documents/Universitat/8e/DSSD/pracs/p3_4/rtl/i2c_master_bit_ctrl.v  ;         ;
; ../rtl/i2c_byte_state_timer.v    ; yes             ; User Verilog HDL File  ; C:/Users/HP/Documents/Universitat/8e/DSSD/pracs/p3_4/rtl/i2c_byte_state_timer.v ;         ;
; ../rtl/i2c_bit_timer.v           ; yes             ; User Verilog HDL File  ; C:/Users/HP/Documents/Universitat/8e/DSSD/pracs/p3_4/rtl/i2c_bit_timer.v        ;         ;
+----------------------------------+-----------------+------------------------+---------------------------------------------------------------------------------+---------+


+---------------------------------------------------------+
; Analysis & Synthesis Resource Usage Summary             ;
+---------------------------------------------+-----------+
; Resource                                    ; Usage     ;
+---------------------------------------------+-----------+
; Estimated Total logic elements              ; 191       ;
;                                             ;           ;
; Total combinational functions               ; 153       ;
; Logic element usage by number of LUT inputs ;           ;
;     -- 4 input functions                    ; 87        ;
;     -- 3 input functions                    ; 36        ;
;     -- <=2 input functions                  ; 30        ;
;                                             ;           ;
; Logic elements by mode                      ;           ;
;     -- normal mode                          ; 146       ;
;     -- arithmetic mode                      ; 7         ;
;                                             ;           ;
; Total registers                             ; 102       ;
;     -- Dedicated logic registers            ; 102       ;
;     -- I/O registers                        ; 0         ;
;                                             ;           ;
; I/O pins                                    ; 29        ;
;                                             ;           ;
; Embedded Multiplier 9-bit elements          ; 0         ;
;                                             ;           ;
; Maximum fan-out node                        ; Clk~input ;
; Maximum fan-out                             ; 102       ;
; Total fan-out                               ; 951       ;
; Average fan-out                             ; 3.04      ;
+---------------------------------------------+-----------+


+------------------------------------------------------------------------------------------------------------------------------------------------------------------------------------------------------------------------------------------------------------------------------------------+
; Analysis & Synthesis Resource Utilization by Entity                                                                                                                                                                                                                                      ;
+------------------------------------------+---------------------+---------------------------+-------------+--------------+---------+-----------+------+--------------+------------------------------------------------------------------------------+----------------------+--------------+
; Compilation Hierarchy Node               ; Combinational ALUTs ; Dedicated Logic Registers ; Memory Bits ; DSP Elements ; DSP 9x9 ; DSP 18x18 ; Pins ; Virtual Pins ; Full Hierarchy Name                                                          ; Entity Name          ; Library Name ;
+------------------------------------------+---------------------+---------------------------+-------------+--------------+---------+-----------+------+--------------+------------------------------------------------------------------------------+----------------------+--------------+
; |i2c_master_top                          ; 153 (0)             ; 102 (0)                   ; 0           ; 0            ; 0       ; 0         ; 29   ; 0            ; |i2c_master_top                                                              ; i2c_master_top       ; work         ;
;    |i2c_bit_timer:i_timer|               ; 12 (12)             ; 9 (9)                     ; 0           ; 0            ; 0       ; 0         ; 0    ; 0            ; |i2c_master_top|i2c_bit_timer:i_timer                                        ; i2c_bit_timer        ; work         ;
;    |i2c_master_bit_ctrl:i_bit|           ; 35 (35)             ; 31 (31)                   ; 0           ; 0            ; 0       ; 0         ; 0    ; 0            ; |i2c_master_top|i2c_master_bit_ctrl:i_bit                                    ; i2c_master_bit_ctrl  ; work         ;
;    |i2c_master_byte_ctrl:i_byte|         ; 49 (45)             ; 17 (14)                   ; 0           ; 0            ; 0       ; 0         ; 0    ; 0            ; |i2c_master_top|i2c_master_byte_ctrl:i_byte                                  ; i2c_master_byte_ctrl ; work         ;
;       |i2c_byte_state_timer:state_timer| ; 4 (4)               ; 3 (3)                     ; 0           ; 0            ; 0       ; 0         ; 0    ; 0            ; |i2c_master_top|i2c_master_byte_ctrl:i_byte|i2c_byte_state_timer:state_timer ; i2c_byte_state_timer ; work         ;
;    |i2c_master_regs:i_regs|              ; 48 (48)             ; 37 (37)                   ; 0           ; 0            ; 0       ; 0         ; 0    ; 0            ; |i2c_master_top|i2c_master_regs:i_regs                                       ; i2c_master_regs      ; work         ;
;    |shiftreg:i_sr|                       ; 9 (9)               ; 8 (8)                     ; 0           ; 0            ; 0       ; 0         ; 0    ; 0            ; |i2c_master_top|shiftreg:i_sr                                                ; shiftreg             ; work         ;
+------------------------------------------+---------------------+---------------------------+-------------+--------------+---------+-----------+------+--------------+------------------------------------------------------------------------------+----------------------+--------------+
Note: For table entries with two numbers listed, the numbers in parentheses indicate the number of resources of the given type used by the specific entity alone. The numbers listed outside of parentheses indicate the total resources of the given type used by the specific entity and all of its sub-entities in the hierarchy.


Encoding Type:  One-Hot
+---------------------------------------------------------------------------------------------------------------------------------------------------------------------------------------------------------------------------------------+
; State Machine - |i2c_master_top|i2c_master_bit_ctrl:i_bit|state                                                                                                                                                                       ;
+---------------+------------+------------+------------+------------+------------+------------+--------------+--------------+--------------+---------------+---------------+---------------+---------------+---------------+------------+
; Name          ; state.WR_D ; state.WR_C ; state.WR_B ; state.RD_D ; state.RD_C ; state.RD_B ; state.STOP_D ; state.STOP_C ; state.STOP_B ; state.START_F ; state.START_E ; state.START_D ; state.START_C ; state.START_B ; state.IDLE ;
+---------------+------------+------------+------------+------------+------------+------------+--------------+--------------+--------------+---------------+---------------+---------------+---------------+---------------+------------+
; state.IDLE    ; 0          ; 0          ; 0          ; 0          ; 0          ; 0          ; 0            ; 0            ; 0            ; 0             ; 0             ; 0             ; 0             ; 0             ; 0          ;
; state.START_B ; 0          ; 0          ; 0          ; 0          ; 0          ; 0          ; 0            ; 0            ; 0            ; 0             ; 0             ; 0             ; 0             ; 1             ; 1          ;
; state.START_C ; 0          ; 0          ; 0          ; 0          ; 0          ; 0          ; 0            ; 0            ; 0            ; 0             ; 0             ; 0             ; 1             ; 0             ; 1          ;
; state.START_D ; 0          ; 0          ; 0          ; 0          ; 0          ; 0          ; 0            ; 0            ; 0            ; 0             ; 0             ; 1             ; 0             ; 0             ; 1          ;
; state.START_E ; 0          ; 0          ; 0          ; 0          ; 0          ; 0          ; 0            ; 0            ; 0            ; 0             ; 1             ; 0             ; 0             ; 0             ; 1          ;
; state.START_F ; 0          ; 0          ; 0          ; 0          ; 0          ; 0          ; 0            ; 0            ; 0            ; 1             ; 0             ; 0             ; 0             ; 0             ; 1          ;
; state.STOP_B  ; 0          ; 0          ; 0          ; 0          ; 0          ; 0          ; 0            ; 0            ; 1            ; 0             ; 0             ; 0             ; 0             ; 0             ; 1          ;
; state.STOP_C  ; 0          ; 0          ; 0          ; 0          ; 0          ; 0          ; 0            ; 1            ; 0            ; 0             ; 0             ; 0             ; 0             ; 0             ; 1          ;
; state.STOP_D  ; 0          ; 0          ; 0          ; 0          ; 0          ; 0          ; 1            ; 0            ; 0            ; 0             ; 0             ; 0             ; 0             ; 0             ; 1          ;
; state.RD_B    ; 0          ; 0          ; 0          ; 0          ; 0          ; 1          ; 0            ; 0            ; 0            ; 0             ; 0             ; 0             ; 0             ; 0             ; 1          ;
; state.RD_C    ; 0          ; 0          ; 0          ; 0          ; 1          ; 0          ; 0            ; 0            ; 0            ; 0             ; 0             ; 0             ; 0             ; 0             ; 1          ;
; state.RD_D    ; 0          ; 0          ; 0          ; 1          ; 0          ; 0          ; 0            ; 0            ; 0            ; 0             ; 0             ; 0             ; 0             ; 0             ; 1          ;
; state.WR_B    ; 0          ; 0          ; 1          ; 0          ; 0          ; 0          ; 0            ; 0            ; 0            ; 0             ; 0             ; 0             ; 0             ; 0             ; 1          ;
; state.WR_C    ; 0          ; 1          ; 0          ; 0          ; 0          ; 0          ; 0            ; 0            ; 0            ; 0             ; 0             ; 0             ; 0             ; 0             ; 1          ;
; state.WR_D    ; 1          ; 0          ; 0          ; 0          ; 0          ; 0          ; 0            ; 0            ; 0            ; 0             ; 0             ; 0             ; 0             ; 0             ; 1          ;
+---------------+------------+------------+------------+------------+------------+------------+--------------+--------------+--------------+---------------+---------------+---------------+---------------+---------------+------------+


+--------------------------------------------------------------------------------+
; Registers Removed During Synthesis                                             ;
+---------------------------------------+----------------------------------------+
; Register name                         ; Reason for Removal                     ;
+---------------------------------------+----------------------------------------+
; i2c_master_byte_ctrl:i_byte|state[3]  ; Stuck at GND due to stuck port data_in ;
; i2c_master_bit_ctrl:i_bit|state~4     ; Lost fanout                            ;
; i2c_master_bit_ctrl:i_bit|state~5     ; Lost fanout                            ;
; i2c_master_bit_ctrl:i_bit|state~6     ; Lost fanout                            ;
; i2c_master_bit_ctrl:i_bit|state~7     ; Lost fanout                            ;
; Total Number of Removed Registers = 5 ;                                        ;
+---------------------------------------+----------------------------------------+


+------------------------------------------------------+
; General Register Statistics                          ;
+----------------------------------------------+-------+
; Statistic                                    ; Value ;
+----------------------------------------------+-------+
; Total registers                              ; 102   ;
; Number of registers using Synchronous Clear  ; 9     ;
; Number of registers using Synchronous Load   ; 8     ;
; Number of registers using Asynchronous Clear ; 102   ;
; Number of registers using Asynchronous Load  ; 0     ;
; Number of registers using Clock Enable       ; 67    ;
; Number of registers using Preset             ; 0     ;
+----------------------------------------------+-------+


+--------------------------------------------------+
; Inverted Register Statistics                     ;
+----------------------------------------+---------+
; Inverted Register                      ; Fan out ;
+----------------------------------------+---------+
; i2c_master_bit_ctrl:i_bit|Scl_oen      ; 5       ;
; i2c_master_bit_ctrl:i_bit|Sda_oen      ; 7       ;
; i2c_master_byte_ctrl:i_byte|I2C_done   ; 3       ;
; i2c_master_bit_ctrl:i_bit|Rxd          ; 3       ;
; i2c_master_bit_ctrl:i_bit|sSDA         ; 5       ;
; i2c_master_bit_ctrl:i_bit|dSCL         ; 2       ;
; i2c_master_bit_ctrl:i_bit|sSCL         ; 6       ;
; i2c_master_bit_ctrl:i_bit|dSDA         ; 2       ;
; i2c_master_bit_ctrl:i_bit|dScl_oen     ; 1       ;
; Total number of inverted registers = 9 ;         ;
+----------------------------------------+---------+


+---------------------------------------------------------------------------------------------------------------------------------------------------------------------------------------------------+
; Multiplexer Restructuring Statistics (Restructuring Performed)                                                                                                                                    ;
+--------------------+-----------+---------------+----------------------+------------------------+------------+-------------------------------------------------------------------------------------+
; Multiplexer Inputs ; Bus Width ; Baseline Area ; Area if Restructured ; Saving if Restructured ; Registered ; Example Multiplexer Output                                                          ;
+--------------------+-----------+---------------+----------------------+------------------------+------------+-------------------------------------------------------------------------------------+
; 3:1                ; 2 bits    ; 4 LEs         ; 2 LEs                ; 2 LEs                  ; Yes        ; |i2c_master_top|i2c_master_bit_ctrl:i_bit|sda_chk                                   ;
; 3:1                ; 4 bits    ; 8 LEs         ; 4 LEs                ; 4 LEs                  ; Yes        ; |i2c_master_top|i2c_master_regs:i_regs|cr[5]                                        ;
; 3:1                ; 8 bits    ; 16 LEs        ; 8 LEs                ; 8 LEs                  ; Yes        ; |i2c_master_top|shiftreg:i_sr|register[2]                                           ;
; 3:1                ; 3 bits    ; 6 LEs         ; 3 LEs                ; 3 LEs                  ; Yes        ; |i2c_master_top|i2c_master_regs:i_regs|cr[2]                                        ;
; 3:1                ; 3 bits    ; 6 LEs         ; 3 LEs                ; 3 LEs                  ; Yes        ; |i2c_master_top|i2c_master_byte_ctrl:i_byte|i2c_byte_state_timer:state_timer|Cnt[1] ;
; 4:1                ; 8 bits    ; 16 LEs        ; 8 LEs                ; 8 LEs                  ; Yes        ; |i2c_master_top|i2c_bit_timer:i_timer|cnt[6]                                        ;
; 8:1                ; 3 bits    ; 15 LEs        ; 12 LEs               ; 3 LEs                  ; No         ; |i2c_master_top|i2c_master_regs:i_regs|Mux3                                         ;
; 8:1                ; 5 bits    ; 25 LEs        ; 20 LEs               ; 5 LEs                  ; No         ; |i2c_master_top|i2c_master_regs:i_regs|Mux7                                         ;
+--------------------+-----------+---------------+----------------------+------------------------+------------+-------------------------------------------------------------------------------------+


+--------------------------------------------------------------------------------+
; Parameter Settings for User Entity Instance: Top-level Entity: |i2c_master_top ;
+----------------+-------+-------------------------------------------------------+
; Parameter Name ; Value ; Type                                                  ;
+----------------+-------+-------------------------------------------------------+
; DWIDTH         ; 8     ; Signed Integer                                        ;
; AWIDTH         ; 3     ; Signed Integer                                        ;
+----------------+-------+-------------------------------------------------------+
Note: In order to hide this table in the UI and the text report file, please set the "Show Parameter Settings in Synthesis Report" option in "Analysis and Synthesis Settings -> More Settings" to "Off".


+---------------------------------------------------------------------+
; Parameter Settings for User Entity Instance: i2c_master_regs:i_regs ;
+----------------+-------+--------------------------------------------+
; Parameter Name ; Value ; Type                                       ;
+----------------+-------+--------------------------------------------+
; DWIDTH         ; 8     ; Signed Integer                             ;
; AWIDTH         ; 3     ; Signed Integer                             ;
+----------------+-------+--------------------------------------------+
Note: In order to hide this table in the UI and the text report file, please set the "Show Parameter Settings in Synthesis Report" option in "Analysis and Synthesis Settings -> More Settings" to "Off".


+--------------------------------------------------------------------------+
; Parameter Settings for User Entity Instance: i2c_master_byte_ctrl:i_byte ;
+----------------+-------+-------------------------------------------------+
; Parameter Name ; Value ; Type                                            ;
+----------------+-------+-------------------------------------------------+
; SIZE           ; 3     ; Signed Integer                                  ;
; NBITS          ; 4     ; Signed Integer                                  ;
+----------------+-------+-------------------------------------------------+
Note: In order to hide this table in the UI and the text report file, please set the "Show Parameter Settings in Synthesis Report" option in "Analysis and Synthesis Settings -> More Settings" to "Off".


+-----------------------------------------------------------------------------------------------------------+
; Parameter Settings for User Entity Instance: i2c_master_byte_ctrl:i_byte|i2c_byte_state_timer:state_timer ;
+----------------+-------+----------------------------------------------------------------------------------+
; Parameter Name ; Value ; Type                                                                             ;
+----------------+-------+----------------------------------------------------------------------------------+
; SIZE           ; 3     ; Signed Integer                                                                   ;
+----------------+-------+----------------------------------------------------------------------------------+
Note: In order to hide this table in the UI and the text report file, please set the "Show Parameter Settings in Synthesis Report" option in "Analysis and Synthesis Settings -> More Settings" to "Off".


+------------------------------------------------------------+
; Parameter Settings for User Entity Instance: shiftreg:i_sr ;
+----------------+-------+-----------------------------------+
; Parameter Name ; Value ; Type                              ;
+----------------+-------+-----------------------------------+
; SIZE           ; 8     ; Signed Integer                    ;
+----------------+-------+-----------------------------------+
Note: In order to hide this table in the UI and the text report file, please set the "Show Parameter Settings in Synthesis Report" option in "Analysis and Synthesis Settings -> More Settings" to "Off".


+--------------------------------------------------------------------+
; Parameter Settings for User Entity Instance: i2c_bit_timer:i_timer ;
+----------------+-------+-------------------------------------------+
; Parameter Name ; Value ; Type                                      ;
+----------------+-------+-------------------------------------------+
; SIZE           ; 8     ; Signed Integer                            ;
+----------------+-------+-------------------------------------------+
Note: In order to hide this table in the UI and the text report file, please set the "Show Parameter Settings in Synthesis Report" option in "Analysis and Synthesis Settings -> More Settings" to "Off".


+-----------------------------------------------------+
; Post-Synthesis Netlist Statistics for Top Partition ;
+-----------------------+-----------------------------+
; Type                  ; Count                       ;
+-----------------------+-----------------------------+
; boundary_port         ; 29                          ;
; cycloneiii_ff         ; 102                         ;
;     CLR               ; 28                          ;
;     CLR SCLR          ; 7                           ;
;     ENA CLR           ; 57                          ;
;     ENA CLR SCLR      ; 2                           ;
;     ENA CLR SLD       ; 8                           ;
; cycloneiii_lcell_comb ; 156                         ;
;     arith             ; 7                           ;
;         2 data inputs ; 7                           ;
;     normal            ; 149                         ;
;         0 data inputs ; 1                           ;
;         1 data inputs ; 5                           ;
;         2 data inputs ; 20                          ;
;         3 data inputs ; 36                          ;
;         4 data inputs ; 87                          ;
;                       ;                             ;
; Max LUT depth         ; 6.00                        ;
; Average LUT depth     ; 2.38                        ;
+-----------------------+-----------------------------+


+-------------------------------+
; Elapsed Time Per Partition    ;
+----------------+--------------+
; Partition Name ; Elapsed Time ;
+----------------+--------------+
; Top            ; 00:00:01     ;
+----------------+--------------+


+-------------------------------+
; Analysis & Synthesis Messages ;
+-------------------------------+
Info: *******************************************************************
Info: Running Quartus Prime Analysis & Synthesis
    Info: Version 20.1.1 Build 720 11/11/2020 SJ Lite Edition
    Info: Processing started: Mon Apr 29 09:48:17 2024
Info: Command: quartus_map --read_settings_files=on --write_settings_files=off i2c_master_top -c i2c_master_top
Warning (18236): Number of processors has not been specified which may cause overloading on shared machines.  Set the global assignment NUM_PARALLEL_PROCESSORS in your QSF to an appropriate value for best performance.
Info (20030): Parallel compilation is enabled and will use 10 of the 10 processors detected
Info (12021): Found 0 design units, including 0 entities, in source file /users/hp/documents/universitat/8e/dssd/pracs/p3_4/misc/timescale.v
Info (12021): Found 1 design units, including 1 entities, in source file /users/hp/documents/universitat/8e/dssd/pracs/p3_4/misc/sys_model.v
    Info (12023): Found entity 1: sys_model File: C:/Users/HP/Documents/Universitat/8e/DSSD/pracs/p3_4/misc/sys_model.v Line: 23
Warning (10335): Unrecognized synthesis attribute "enum_state" at ../misc/i2c_slave_model.v(39) File: C:/Users/HP/Documents/Universitat/8e/DSSD/pracs/p3_4/misc/i2c_slave_model.v Line: 39
Info (12021): Found 1 design units, including 1 entities, in source file /users/hp/documents/universitat/8e/dssd/pracs/p3_4/misc/i2c_slave_model.v
    Info (12023): Found entity 1: i2c_slave_model File: C:/Users/HP/Documents/Universitat/8e/DSSD/pracs/p3_4/misc/i2c_slave_model.v Line: 4
Info (12021): Found 1 design units, including 1 entities, in source file /users/hp/documents/universitat/8e/dssd/pracs/p3_4/misc/dbus_master_model.v
    Info (12023): Found entity 1: dbus_master_model File: C:/Users/HP/Documents/Universitat/8e/DSSD/pracs/p3_4/misc/dbus_master_model.v Line: 24
Info (12021): Found 1 design units, including 1 entities, in source file /users/hp/documents/universitat/8e/dssd/pracs/p3_4/rtl/shiftreg.v
    Info (12023): Found entity 1: shiftreg File: C:/Users/HP/Documents/Universitat/8e/DSSD/pracs/p3_4/rtl/shiftreg.v Line: 22
Info (12021): Found 1 design units, including 1 entities, in source file /users/hp/documents/universitat/8e/dssd/pracs/p3_4/rtl/i2c_master_top.v
    Info (12023): Found entity 1: i2c_master_top File: C:/Users/HP/Documents/Universitat/8e/DSSD/pracs/p3_4/rtl/i2c_master_top.v Line: 23
Info (12021): Found 1 design units, including 1 entities, in source file /users/hp/documents/universitat/8e/dssd/pracs/p3_4/rtl/i2c_master_regs.v
    Info (12023): Found entity 1: i2c_master_regs File: C:/Users/HP/Documents/Universitat/8e/DSSD/pracs/p3_4/rtl/i2c_master_regs.v Line: 106
Info (12021): Found 0 design units, including 0 entities, in source file /users/hp/documents/universitat/8e/dssd/pracs/p3_4/rtl/i2c_master_defines.v
Info (12021): Found 1 design units, including 1 entities, in source file /users/hp/documents/universitat/8e/dssd/pracs/p3_4/rtl/i2c_master_byte_ctrl.v
    Info (12023): Found entity 1: i2c_master_byte_ctrl File: C:/Users/HP/Documents/Universitat/8e/DSSD/pracs/p3_4/rtl/i2c_master_byte_ctrl.v Line: 10
Info (12021): Found 1 design units, including 1 entities, in source file /users/hp/documents/universitat/8e/dssd/pracs/p3_4/rtl/i2c_master_bit_ctrl.v
    Info (12023): Found entity 1: i2c_master_bit_ctrl File: C:/Users/HP/Documents/Universitat/8e/DSSD/pracs/p3_4/rtl/i2c_master_bit_ctrl.v Line: 41
Info (12021): Found 1 design units, including 1 entities, in source file /users/hp/documents/universitat/8e/dssd/pracs/p3_4/rtl/i2c_byte_state_timer.v
    Info (12023): Found entity 1: i2c_byte_state_timer File: C:/Users/HP/Documents/Universitat/8e/DSSD/pracs/p3_4/rtl/i2c_byte_state_timer.v Line: 9
Info (12021): Found 1 design units, including 1 entities, in source file /users/hp/documents/universitat/8e/dssd/pracs/p3_4/rtl/i2c_bit_timer.v
    Info (12023): Found entity 1: i2c_bit_timer File: C:/Users/HP/Documents/Universitat/8e/DSSD/pracs/p3_4/rtl/i2c_bit_timer.v Line: 1
Info (12127): Elaborating entity "i2c_master_top" for the top level hierarchy
Info (12128): Elaborating entity "i2c_master_regs" for hierarchy "i2c_master_regs:i_regs" File: C:/Users/HP/Documents/Universitat/8e/DSSD/pracs/p3_4/rtl/i2c_master_top.v Line: 80
Info (12128): Elaborating entity "i2c_master_byte_ctrl" for hierarchy "i2c_master_byte_ctrl:i_byte" File: C:/Users/HP/Documents/Universitat/8e/DSSD/pracs/p3_4/rtl/i2c_master_top.v Line: 101
Info (12128): Elaborating entity "i2c_byte_state_timer" for hierarchy "i2c_master_byte_ctrl:i_byte|i2c_byte_state_timer:state_timer" File: C:/Users/HP/Documents/Universitat/8e/DSSD/pracs/p3_4/rtl/i2c_master_byte_ctrl.v Line: 52
Info (12128): Elaborating entity "i2c_master_bit_ctrl" for hierarchy "i2c_master_bit_ctrl:i_bit" File: C:/Users/HP/Documents/Universitat/8e/DSSD/pracs/p3_4/rtl/i2c_master_top.v Line: 123
Info (10264): Verilog HDL Case Statement information at i2c_master_bit_ctrl.v(176): all case item expressions in this case statement are onehot File: C:/Users/HP/Documents/Universitat/8e/DSSD/pracs/p3_4/rtl/i2c_master_bit_ctrl.v Line: 176
Info (10264): Verilog HDL Case Statement information at i2c_master_bit_ctrl.v(236): all case item expressions in this case statement are onehot File: C:/Users/HP/Documents/Universitat/8e/DSSD/pracs/p3_4/rtl/i2c_master_bit_ctrl.v Line: 236
Info (12128): Elaborating entity "shiftreg" for hierarchy "shiftreg:i_sr" File: C:/Users/HP/Documents/Universitat/8e/DSSD/pracs/p3_4/rtl/i2c_master_top.v Line: 134
Info (12128): Elaborating entity "i2c_bit_timer" for hierarchy "i2c_bit_timer:i_timer" File: C:/Users/HP/Documents/Universitat/8e/DSSD/pracs/p3_4/rtl/i2c_master_top.v Line: 143
Info (13000): Registers with preset signals will power-up high File: C:/Users/HP/Documents/Universitat/8e/DSSD/pracs/p3_4/rtl/i2c_master_bit_ctrl.v Line: 59
Info (13003): DEV_CLRn pin will set, and not reset, register with preset signal due to NOT Gate Push-Back
Warning (13024): Output pins are stuck at VCC or GND
    Warning (13410): Pin "SclPadOut" is stuck at GND File: C:/Users/HP/Documents/Universitat/8e/DSSD/pracs/p3_4/rtl/i2c_master_top.v Line: 38
    Warning (13410): Pin "SdaPadOut" is stuck at GND File: C:/Users/HP/Documents/Universitat/8e/DSSD/pracs/p3_4/rtl/i2c_master_top.v Line: 42
Info (286030): Timing-Driven Synthesis is running
Info (17049): 4 registers lost all their fanouts during netlist optimizations.
Info (144001): Generated suppressed messages file C:/Users/HP/Documents/Universitat/8e/DSSD/pracs/p3_4/syn/output_files/i2c_master_top.map.smsg
Info (16010): Generating hard_block partition "hard_block:auto_generated_inst"
    Info (16011): Adding 0 node(s), including 0 DDIO, 0 PLL, 0 transceiver and 0 LCELL
Info (21057): Implemented 222 device resources after synthesis - the final resource count might be different
    Info (21058): Implemented 16 input pins
    Info (21059): Implemented 13 output pins
    Info (21061): Implemented 193 logic cells
Info: Quartus Prime Analysis & Synthesis was successful. 0 errors, 5 warnings
    Info: Peak virtual memory: 4820 megabytes
    Info: Processing ended: Mon Apr 29 09:48:29 2024
    Info: Elapsed time: 00:00:12
    Info: Total CPU time (on all processors): 00:00:10


+------------------------------------------+
; Analysis & Synthesis Suppressed Messages ;
+------------------------------------------+
The suppressed messages can be found in C:/Users/HP/Documents/Universitat/8e/DSSD/pracs/p3_4/syn/output_files/i2c_master_top.map.smsg.


